f:\users\documents\sourcecontrol\github\c++ porjects\engine-framework\engine-framework\x64\debug\engine-framework.pdb
f:\users\documents\sourcecontrol\github\c++ porjects\engine-framework\engine-framework\x64\debug\engine-framework.idb
f:\users\documents\sourcecontrol\github\c++ porjects\engine-framework\engine-framework\x64\debug\directxcontext.obj
f:\users\documents\sourcecontrol\github\c++ porjects\engine-framework\engine-framework\x64\debug\directxbuffer.obj
f:\users\documents\sourcecontrol\github\c++ porjects\engine-framework\engine-framework\x64\debug\commandqueue.obj
f:\users\documents\sourcecontrol\github\c++ porjects\engine-framework\engine-framework\x64\debug\log.obj
f:\users\documents\sourcecontrol\github\c++ porjects\engine-framework\engine-framework\x64\debug\layerstack.obj
f:\users\documents\sourcecontrol\github\c++ porjects\engine-framework\engine-framework\x64\debug\layer.obj
f:\users\documents\sourcecontrol\github\c++ porjects\engine-framework\engine-framework\x64\debug\guiwindow.obj
f:\users\documents\sourcecontrol\github\c++ porjects\engine-framework\engine-framework\x64\debug\guipanel.obj
f:\users\documents\sourcecontrol\github\c++ porjects\engine-framework\engine-framework\x64\debug\guimaterialpanel.obj
f:\users\documents\sourcecontrol\github\c++ porjects\engine-framework\engine-framework\x64\debug\camera.obj
f:\users\documents\sourcecontrol\github\c++ porjects\engine-framework\engine-framework\x64\debug\assimpmodel.obj
f:\users\documents\sourcecontrol\github\c++ porjects\engine-framework\engine-framework\x64\debug\assimpmesh.obj
f:\users\documents\sourcecontrol\github\c++ porjects\engine-framework\engine-framework\x64\debug\application.obj
f:\users\documents\sourcecontrol\github\c++ porjects\engine-framework\engine-framework\x64\debug\guimanager.obj
f:\users\documents\sourcecontrol\github\c++ porjects\engine-framework\engine-framework\x64\debug\imgui_widgets.obj
f:\users\documents\sourcecontrol\github\c++ porjects\engine-framework\engine-framework\x64\debug\imgui_draw.obj
f:\users\documents\sourcecontrol\github\c++ porjects\engine-framework\engine-framework\x64\debug\imgui_demo.obj
f:\users\documents\sourcecontrol\github\c++ porjects\engine-framework\engine-framework\x64\debug\imgui.obj
f:\users\documents\sourcecontrol\github\c++ porjects\engine-framework\engine-framework\x64\debug\imgui_impl_opengl3.obj
f:\users\documents\sourcecontrol\github\c++ porjects\engine-framework\engine-framework\x64\debug\imgui_impl_glfw.obj
f:\users\documents\sourcecontrol\github\c++ porjects\engine-framework\engine-framework\x64\debug\vulkanbuffer.obj
f:\users\documents\sourcecontrol\github\c++ porjects\engine-framework\engine-framework\x64\debug\vulkanvalidationlayers.obj
f:\users\documents\sourcecontrol\github\c++ porjects\engine-framework\engine-framework\x64\debug\vulkansync.obj
f:\users\documents\sourcecontrol\github\c++ porjects\engine-framework\engine-framework\x64\debug\vulkanswapchain.obj
f:\users\documents\sourcecontrol\github\c++ porjects\engine-framework\engine-framework\x64\debug\vulkansurface.obj
f:\users\documents\sourcecontrol\github\c++ porjects\engine-framework\engine-framework\x64\debug\vulkanqueue.obj
f:\users\documents\sourcecontrol\github\c++ porjects\engine-framework\engine-framework\x64\debug\vulkanextensions.obj
f:\users\documents\sourcecontrol\github\c++ porjects\engine-framework\engine-framework\x64\debug\vulkandebug.obj
f:\users\documents\sourcecontrol\github\c++ porjects\engine-framework\engine-framework\x64\debug\vulkancommand.obj
f:\users\documents\sourcecontrol\github\c++ porjects\engine-framework\engine-framework\x64\debug\openglvertexarray.obj
f:\users\documents\sourcecontrol\github\c++ porjects\engine-framework\engine-framework\x64\debug\opengltexture.obj
f:\users\documents\sourcecontrol\github\c++ porjects\engine-framework\engine-framework\x64\debug\openglshader.obj
f:\users\documents\sourcecontrol\github\c++ porjects\engine-framework\engine-framework\x64\debug\openglrendererapi.obj
f:\users\documents\sourcecontrol\github\c++ porjects\engine-framework\engine-framework\x64\debug\openglmaterial.obj
f:\users\documents\sourcecontrol\github\c++ porjects\engine-framework\engine-framework\x64\debug\openglcontext.obj
f:\users\documents\sourcecontrol\github\c++ porjects\engine-framework\engine-framework\x64\debug\openglbuffer.obj
f:\users\documents\sourcecontrol\github\c++ porjects\engine-framework\engine-framework\x64\debug\directxvertexarray.obj
f:\users\documents\sourcecontrol\github\c++ porjects\engine-framework\engine-framework\x64\debug\directxshader.obj
f:\users\documents\sourcecontrol\github\c++ porjects\engine-framework\engine-framework\x64\debug\directxrendererapi.obj
f:\users\documents\sourcecontrol\github\c++ porjects\engine-framework\engine-framework\x64\debug\time.obj
f:\users\documents\sourcecontrol\github\c++ porjects\engine-framework\engine-framework\x64\debug\shape.obj
f:\users\documents\sourcecontrol\github\c++ porjects\engine-framework\engine-framework\x64\debug\cube.obj
f:\users\documents\sourcecontrol\github\c++ porjects\engine-framework\engine-framework\x64\debug\vertexarray.obj
f:\users\documents\sourcecontrol\github\c++ porjects\engine-framework\engine-framework\x64\debug\texture.obj
f:\users\documents\sourcecontrol\github\c++ porjects\engine-framework\engine-framework\x64\debug\shader.obj
f:\users\documents\sourcecontrol\github\c++ porjects\engine-framework\engine-framework\x64\debug\rendererapi.obj
f:\users\documents\sourcecontrol\github\c++ porjects\engine-framework\engine-framework\x64\debug\renderer.obj
f:\users\documents\sourcecontrol\github\c++ porjects\engine-framework\engine-framework\x64\debug\rendercommand.obj
f:\users\documents\sourcecontrol\github\c++ porjects\engine-framework\engine-framework\x64\debug\material.obj
f:\users\documents\sourcecontrol\github\c++ porjects\engine-framework\engine-framework\x64\debug\graphicscontext.obj
f:\users\documents\sourcecontrol\github\c++ porjects\engine-framework\engine-framework\x64\debug\gbuffer.obj
f:\users\documents\sourcecontrol\github\c++ porjects\engine-framework\engine-framework\x64\debug\buffer.obj
f:\users\documents\sourcecontrol\github\c++ porjects\engine-framework\engine-framework\x64\debug\windowswindow.obj
f:\users\documents\sourcecontrol\github\c++ porjects\engine-framework\engine-framework\x64\debug\vulkanvertexarray.obj
f:\users\documents\sourcecontrol\github\c++ porjects\engine-framework\engine-framework\x64\debug\vulkanshader.obj
f:\users\documents\sourcecontrol\github\c++ porjects\engine-framework\engine-framework\x64\debug\vulkanrendererapi.obj
f:\users\documents\sourcecontrol\github\c++ porjects\engine-framework\engine-framework\x64\debug\vulkanmaterial.obj
f:\users\documents\sourcecontrol\github\c++ porjects\engine-framework\engine-framework\x64\debug\vulkangbuffer.obj
f:\users\documents\sourcecontrol\github\c++ porjects\engine-framework\engine-framework\x64\debug\vulkancontext.obj
f:\users\documents\sourcecontrol\github\c++ porjects\engine-framework\engine-framework\x64\debug\window.obj
f:\users\documents\sourcecontrol\github\c++ porjects\engine-framework\engine-framework\x64\debug\vulkandevice.obj
f:\users\documents\sourcecontrol\github\c++ porjects\engine-framework\engine-framework\x64\debug\vulkantexture.obj
f:\users\documents\sourcecontrol\github\c++ porjects\engine-framework\engine-framework\x64\debug\glad.obj
f:\users\documents\sourcecontrol\github\c++ porjects\engine-framework\lib\engine-framework.lib
f:\users\documents\sourcecontrol\github\c++ porjects\engine-framework\lib\engine-framework.pdb
f:\users\documents\sourcecontrol\github\c++ porjects\engine-framework\engine-framework\x64\debug\engine-framework.tlog\cl.command.1.tlog
f:\users\documents\sourcecontrol\github\c++ porjects\engine-framework\engine-framework\x64\debug\engine-framework.tlog\cl.read.1.tlog
f:\users\documents\sourcecontrol\github\c++ porjects\engine-framework\engine-framework\x64\debug\engine-framework.tlog\cl.write.1.tlog
f:\users\documents\sourcecontrol\github\c++ porjects\engine-framework\engine-framework\x64\debug\engine-framework.tlog\lib-link.read.1.tlog
f:\users\documents\sourcecontrol\github\c++ porjects\engine-framework\engine-framework\x64\debug\engine-framework.tlog\lib-link.write.1.tlog
f:\users\documents\sourcecontrol\github\c++ porjects\engine-framework\engine-framework\x64\debug\engine-framework.tlog\lib.command.1.tlog
