C:\Program Files (x86)\Microsoft Visual Studio\2019\Community\MSBuild\Microsoft\VC\v160\Microsoft.CppBuild.targets(445,5): warning MSB8004: Output Directory does not end with a trailing slash.  This build instance will add the slash as it is required to allow proper evaluation of the Output Directory.
  Application.cpp
C:\Program Files (x86)\Windows Kits\10\Include\10.0.18362.0\shared\minwindef.h(130,1): warning C4005: 'APIENTRY': macro redefinition
F:\Users\Documents\SourceControl\Github\C++ Porjects\Engine-Framework\deps\glad\include\glad\glad.h(32): message : see previous definition of 'APIENTRY'
  AssimpMesh.cpp
C:\Program Files (x86)\Windows Kits\10\Include\10.0.18362.0\shared\minwindef.h(130,1): warning C4005: 'APIENTRY': macro redefinition
F:\Users\Documents\SourceControl\Github\C++ Porjects\Engine-Framework\deps\glad\include\glad\glad.h(32): message : see previous definition of 'APIENTRY'
  VulkanBuffer.cpp
C:\Program Files (x86)\Windows Kits\10\Include\10.0.18362.0\shared\minwindef.h(130,1): warning C4005: 'APIENTRY': macro redefinition
F:\Users\Documents\SourceControl\Github\C++ Porjects\Engine-Framework\deps\glfw\include\GLFW\glfw3.h(104): message : see previous definition of 'APIENTRY'
F:\Users\Documents\SourceControl\Github\C++ Porjects\Engine-Framework\src\Platform\Vulkan\VulkanBuffer.cpp(16,124): error C2039: 'GetVulkanCommand': is not a member of 'Framework::Vulkan::VulkanContext'
F:\Users\Documents\SourceControl\Github\C++ Porjects\Engine-Framework\include\Platform\Vulkan\VulkanContext.h(32): message : see declaration of 'Framework::Vulkan::VulkanContext'
F:\Users\Documents\SourceControl\Github\C++ Porjects\Engine-Framework\src\Platform\Vulkan\VulkanBuffer.cpp(40,63): error C2039: 'GetCommandPool': is not a member of 'Framework::Vulkan::VulkanCommand'
F:\Users\Documents\SourceControl\Github\C++ Porjects\Engine-Framework\include\Platform\Vulkan\Internal\VulkanCommand.h(14): message : see declaration of 'Framework::Vulkan::VulkanCommand'
F:\Users\Documents\SourceControl\Github\C++ Porjects\Engine-Framework\src\Platform\Vulkan\VulkanBuffer.cpp(40,127): error C2660: 'Framework::Vulkan::VulkanUtils::CopyBuffer': function does not take 5 arguments
F:\Users\Documents\SourceControl\Github\C++ Porjects\Engine-Framework\include\Platform\Vulkan\VulkanUtils.h(65,16): message : see declaration of 'Framework::Vulkan::VulkanUtils::CopyBuffer'
F:\Users\Documents\SourceControl\Github\C++ Porjects\Engine-Framework\src\Platform\Vulkan\VulkanBuffer.cpp(50,124): error C2039: 'GetVulkanCommand': is not a member of 'Framework::Vulkan::VulkanContext'
F:\Users\Documents\SourceControl\Github\C++ Porjects\Engine-Framework\include\Platform\Vulkan\VulkanContext.h(32): message : see declaration of 'Framework::Vulkan::VulkanContext'
F:\Users\Documents\SourceControl\Github\C++ Porjects\Engine-Framework\src\Platform\Vulkan\VulkanBuffer.cpp(74,63): error C2039: 'GetCommandPool': is not a member of 'Framework::Vulkan::VulkanCommand'
F:\Users\Documents\SourceControl\Github\C++ Porjects\Engine-Framework\include\Platform\Vulkan\Internal\VulkanCommand.h(14): message : see declaration of 'Framework::Vulkan::VulkanCommand'
F:\Users\Documents\SourceControl\Github\C++ Porjects\Engine-Framework\src\Platform\Vulkan\VulkanBuffer.cpp(74,127): error C2660: 'Framework::Vulkan::VulkanUtils::CopyBuffer': function does not take 5 arguments
F:\Users\Documents\SourceControl\Github\C++ Porjects\Engine-Framework\include\Platform\Vulkan\VulkanUtils.h(65,16): message : see declaration of 'Framework::Vulkan::VulkanUtils::CopyBuffer'
F:\Users\Documents\SourceControl\Github\C++ Porjects\Engine-Framework\src\Platform\Vulkan\VulkanBuffer.cpp(122,124): error C2039: 'GetVulkanCommand': is not a member of 'Framework::Vulkan::VulkanContext'
F:\Users\Documents\SourceControl\Github\C++ Porjects\Engine-Framework\include\Platform\Vulkan\VulkanContext.h(32): message : see declaration of 'Framework::Vulkan::VulkanContext'
F:\Users\Documents\SourceControl\Github\C++ Porjects\Engine-Framework\src\Platform\Vulkan\VulkanBuffer.cpp(140,63): error C2039: 'GetCommandPool': is not a member of 'Framework::Vulkan::VulkanCommand'
F:\Users\Documents\SourceControl\Github\C++ Porjects\Engine-Framework\include\Platform\Vulkan\Internal\VulkanCommand.h(14): message : see declaration of 'Framework::Vulkan::VulkanCommand'
F:\Users\Documents\SourceControl\Github\C++ Porjects\Engine-Framework\src\Platform\Vulkan\VulkanBuffer.cpp(140,127): error C2660: 'Framework::Vulkan::VulkanUtils::CopyBuffer': function does not take 5 arguments
F:\Users\Documents\SourceControl\Github\C++ Porjects\Engine-Framework\include\Platform\Vulkan\VulkanUtils.h(65,16): message : see declaration of 'Framework::Vulkan::VulkanUtils::CopyBuffer'
  VulkanContext.cpp
C:\Program Files (x86)\Windows Kits\10\Include\10.0.18362.0\shared\minwindef.h(130,1): warning C4005: 'APIENTRY': macro redefinition
F:\Users\Documents\SourceControl\Github\C++ Porjects\Engine-Framework\deps\glfw\include\GLFW\glfw3.h(104): message : see previous definition of 'APIENTRY'
  VulkanMaterial.cpp
C:\Program Files (x86)\Windows Kits\10\Include\10.0.18362.0\shared\minwindef.h(130,1): warning C4005: 'APIENTRY': macro redefinition
F:\Users\Documents\SourceControl\Github\C++ Porjects\Engine-Framework\deps\glfw\include\GLFW\glfw3.h(104): message : see previous definition of 'APIENTRY'
F:\Users\Documents\SourceControl\Github\C++ Porjects\Engine-Framework\src\Platform\Vulkan\VulkanMaterial.cpp(47,131): error C2039: 'GetVulkanSwapchain': is not a member of 'Framework::Vulkan::VulkanContext'
F:\Users\Documents\SourceControl\Github\C++ Porjects\Engine-Framework\include\Platform\Vulkan\VulkanContext.h(32): message : see declaration of 'Framework::Vulkan::VulkanContext'
F:\Users\Documents\SourceControl\Github\C++ Porjects\Engine-Framework\src\Platform\Vulkan\VulkanMaterial.cpp(51,62): error C3536: 'swapChain': cannot be used before it is initialized
F:\Users\Documents\SourceControl\Github\C++ Porjects\Engine-Framework\src\Platform\Vulkan\VulkanMaterial.cpp(70,131): error C2039: 'GetVulkanSwapchain': is not a member of 'Framework::Vulkan::VulkanContext'
F:\Users\Documents\SourceControl\Github\C++ Porjects\Engine-Framework\include\Platform\Vulkan\VulkanContext.h(32): message : see declaration of 'Framework::Vulkan::VulkanContext'
F:\Users\Documents\SourceControl\Github\C++ Porjects\Engine-Framework\src\Platform\Vulkan\VulkanMaterial.cpp(73,56): error C3536: 'swapChain': cannot be used before it is initialized
F:\Users\Documents\SourceControl\Github\C++ Porjects\Engine-Framework\src\Platform\Vulkan\VulkanMaterial.cpp(73,120): error C2664: 'std::vector<VkDescriptorSetLayout,std::allocator<VkDescriptorSetLayout>>::vector(const std::vector<VkDescriptorSetLayout,std::allocator<VkDescriptorSetLayout>> &)': cannot convert argument 1 from 'VkDescriptorSetLayout' to 'const _Alloc &'
          with
          [
              _Alloc=std::allocator<VkDescriptorSetLayout>
          ]
F:\Users\Documents\SourceControl\Github\C++ Porjects\Engine-Framework\src\Platform\Vulkan\VulkanMaterial.cpp(73,120): message : Reason: cannot convert from 'VkDescriptorSetLayout' to 'const _Alloc'
          with
          [
              _Alloc=std::allocator<VkDescriptorSetLayout>
          ]
F:\Users\Documents\SourceControl\Github\C++ Porjects\Engine-Framework\src\Platform\Vulkan\VulkanMaterial.cpp(73,120): message : No constructor could take the source type, or constructor overload resolution was ambiguous
C:\Program Files (x86)\Microsoft Visual Studio\2019\Community\VC\Tools\MSVC\14.24.28314\include\vector(448,5): message : see declaration of 'std::vector<VkDescriptorSetLayout,std::allocator<VkDescriptorSetLayout>>::vector'
F:\Users\Documents\SourceControl\Github\C++ Porjects\Engine-Framework\src\Platform\Vulkan\VulkanMaterial.cpp(141,127): error C2039: 'GetVulkanCommand': is not a member of 'Framework::Vulkan::VulkanContext'
F:\Users\Documents\SourceControl\Github\C++ Porjects\Engine-Framework\include\Platform\Vulkan\VulkanContext.h(32): message : see declaration of 'Framework::Vulkan::VulkanContext'
F:\Users\Documents\SourceControl\Github\C++ Porjects\Engine-Framework\src\Platform\Vulkan\VulkanMaterial.cpp(150,34): error C3536: 'command': cannot be used before it is initialized
F:\Users\Documents\SourceControl\Github\C++ Porjects\Engine-Framework\src\Platform\Vulkan\VulkanMaterial.cpp(152,41): error C3536: 'commandBuffers': cannot be used before it is initialized
F:\Users\Documents\SourceControl\Github\C++ Porjects\Engine-Framework\src\Platform\Vulkan\VulkanMaterial.cpp(154,45): error C2109: subscript requires array or pointer type
F:\Users\Documents\SourceControl\Github\C++ Porjects\Engine-Framework\src\Platform\Vulkan\VulkanMaterial.cpp(162,131): error C2039: 'GetVulkanSwapchain': is not a member of 'Framework::Vulkan::VulkanContext'
F:\Users\Documents\SourceControl\Github\C++ Porjects\Engine-Framework\include\Platform\Vulkan\VulkanContext.h(32): message : see declaration of 'Framework::Vulkan::VulkanContext'
F:\Users\Documents\SourceControl\Github\C++ Porjects\Engine-Framework\src\Platform\Vulkan\VulkanMaterial.cpp(164,127): error C2039: 'GetVulkanCommand': is not a member of 'Framework::Vulkan::VulkanContext'
F:\Users\Documents\SourceControl\Github\C++ Porjects\Engine-Framework\include\Platform\Vulkan\VulkanContext.h(32): message : see declaration of 'Framework::Vulkan::VulkanContext'
F:\Users\Documents\SourceControl\Github\C++ Porjects\Engine-Framework\src\Platform\Vulkan\VulkanMaterial.cpp(166,37): error C3536: 'swapChain': cannot be used before it is initialized
  VulkanRendererAPI.cpp
C:\Program Files (x86)\Windows Kits\10\Include\10.0.18362.0\shared\minwindef.h(130,1): warning C4005: 'APIENTRY': macro redefinition
F:\Users\Documents\SourceControl\Github\C++ Porjects\Engine-Framework\deps\glfw\include\GLFW\glfw3.h(104): message : see previous definition of 'APIENTRY'
  VulkanShader.cpp
C:\Program Files (x86)\Windows Kits\10\Include\10.0.18362.0\shared\minwindef.h(130,1): warning C4005: 'APIENTRY': macro redefinition
F:\Users\Documents\SourceControl\Github\C++ Porjects\Engine-Framework\deps\glad\include\glad\glad.h(32): message : see previous definition of 'APIENTRY'
F:\Users\Documents\SourceControl\Github\C++ Porjects\Engine-Framework\src\Platform\Vulkan\VulkanShader.cpp(227,56): error C2039: 'GetVulkanSwapchain': is not a member of 'Framework::Vulkan::VulkanContext'
F:\Users\Documents\SourceControl\Github\C++ Porjects\Engine-Framework\include\Platform\Vulkan\VulkanContext.h(32): message : see declaration of 'Framework::Vulkan::VulkanContext'
F:\Users\Documents\SourceControl\Github\C++ Porjects\Engine-Framework\src\Platform\Vulkan\VulkanShader.cpp(411,65): error C2039: 'GetVulkanSwapchain': is not a member of 'Framework::Vulkan::VulkanContext'
F:\Users\Documents\SourceControl\Github\C++ Porjects\Engine-Framework\include\Platform\Vulkan\VulkanContext.h(32): message : see declaration of 'Framework::Vulkan::VulkanContext'
  Material.cpp
C:\Program Files (x86)\Windows Kits\10\Include\10.0.18362.0\shared\minwindef.h(130,1): warning C4005: 'APIENTRY': macro redefinition
F:\Users\Documents\SourceControl\Github\C++ Porjects\Engine-Framework\deps\glad\include\glad\glad.h(32): message : see previous definition of 'APIENTRY'
  Renderer.cpp
C:\Program Files (x86)\Windows Kits\10\Include\10.0.18362.0\shared\minwindef.h(130,1): warning C4005: 'APIENTRY': macro redefinition
F:\Users\Documents\SourceControl\Github\C++ Porjects\Engine-Framework\deps\glad\include\glad\glad.h(32): message : see previous definition of 'APIENTRY'
F:\Users\Documents\SourceControl\Github\C++ Porjects\Engine-Framework\src\Renderer\Renderer.cpp(9,1): warning C4005: 'GLM_FORCE_RADIANS': macro redefinition
F:\Users\Documents\SourceControl\Github\C++ Porjects\Engine-Framework\src\Renderer\Renderer.cpp : message : see previous definition of 'GLM_FORCE_RADIANS'
F:\Users\Documents\SourceControl\Github\C++ Porjects\Engine-Framework\src\Renderer\Renderer.cpp(29,31): error C2660: 'Framework::Renderer::RenderCommand::BeginRender': function does not take 0 arguments
F:\Users\Documents\SourceControl\Github\C++ Porjects\Engine-Framework\include\Renderer\RenderCommand.h(28,23): message : see declaration of 'Framework::Renderer::RenderCommand::BeginRender'
F:\Users\Documents\SourceControl\Github\C++ Porjects\Engine-Framework\src\Renderer\Renderer.cpp(36,29): error C2660: 'Framework::Renderer::RenderCommand::EndRender': function does not take 0 arguments
F:\Users\Documents\SourceControl\Github\C++ Porjects\Engine-Framework\include\Renderer\RenderCommand.h(33,23): message : see declaration of 'Framework::Renderer::RenderCommand::EndRender'
F:\Users\Documents\SourceControl\Github\C++ Porjects\Engine-Framework\src\Renderer\Renderer.cpp(74,63): error C2660: 'Framework::Renderer::Shader::Bind': function does not take 0 arguments
F:\Users\Documents\SourceControl\Github\C++ Porjects\Engine-Framework\include\Renderer\Shader.h(26,17): message : see declaration of 'Framework::Renderer::Shader::Bind'
F:\Users\Documents\SourceControl\Github\C++ Porjects\Engine-Framework\src\Renderer\Renderer.cpp(89,73): error C2660: 'Framework::Renderer::RenderCommand::DrawIndexed': function does not take 1 arguments
F:\Users\Documents\SourceControl\Github\C++ Porjects\Engine-Framework\include\Renderer\RenderCommand.h(71,23): message : see declaration of 'Framework::Renderer::RenderCommand::DrawIndexed'
F:\Users\Documents\SourceControl\Github\C++ Porjects\Engine-Framework\src\Renderer\Renderer.cpp(92,65): error C2660: 'Framework::Renderer::Shader::Unbind': function does not take 0 arguments
F:\Users\Documents\SourceControl\Github\C++ Porjects\Engine-Framework\include\Renderer\Shader.h(27,17): message : see declaration of 'Framework::Renderer::Shader::Unbind'
  RendererAPI.cpp
  Cube.cpp
C:\Program Files (x86)\Microsoft Visual Studio\2019\Community\VC\Tools\MSVC\14.24.28314\include\xmemory(202,109): warning C4267: 'argument': conversion from 'size_t' to 'uint32_t', possible loss of data
C:\Program Files (x86)\Microsoft Visual Studio\2019\Community\VC\Tools\MSVC\14.24.28314\include\memory(1490): message : see reference to function template instantiation 'void std::_Construct_in_place<_Ty,Framework::Renderer::Vertex(&)[24],unsigned __int64>(_Ty &,Framework::Renderer::Vertex (&)[24],unsigned __int64 &&) noexcept(false)' being compiled
          with
          [
              _Ty=Framework::OpenGLVertexBuffer
          ]
C:\Program Files (x86)\Microsoft Visual Studio\2019\Community\VC\Tools\MSVC\14.24.28314\include\memory(1590): message : see reference to function template instantiation 'std::_Ref_count_obj2<_Ty>::_Ref_count_obj2<Framework::Renderer::Vertex(&)[24],unsigned __int64>(Framework::Renderer::Vertex (&)[24],unsigned __int64 &&)' being compiled
          with
          [
              _Ty=Framework::OpenGLVertexBuffer
          ]
C:\Program Files (x86)\Microsoft Visual Studio\2019\Community\VC\Tools\MSVC\14.24.28314\include\memory(1591): message : see reference to function template instantiation 'std::_Ref_count_obj2<_Ty>::_Ref_count_obj2<Framework::Renderer::Vertex(&)[24],unsigned __int64>(Framework::Renderer::Vertex (&)[24],unsigned __int64 &&)' being compiled
          with
          [
              _Ty=Framework::OpenGLVertexBuffer
          ]
F:\Users\Documents\SourceControl\Github\C++ Porjects\Engine-Framework\src\Shape\Cube.cpp(115): message : see reference to function template instantiation 'std::shared_ptr<Framework::OpenGLVertexBuffer> std::make_shared<Framework::OpenGLVertexBuffer,Framework::Renderer::Vertex(&)[24],size_t>(Framework::Renderer::Vertex (&)[24],size_t &&)' being compiled
C:\Program Files (x86)\Microsoft Visual Studio\2019\Community\VC\Tools\MSVC\14.24.28314\include\chrono(632): message : see reference to class template instantiation 'std::chrono::duration<double,std::ratio<1,1>>' being compiled
C:\Program Files (x86)\Microsoft Visual Studio\2019\Community\VC\Tools\MSVC\14.24.28314\include\chrono(178): message : see reference to class template instantiation 'std::chrono::duration<__int64,std::nano>' being compiled
C:\Program Files (x86)\Microsoft Visual Studio\2019\Community\VC\Tools\MSVC\14.24.28314\include\chrono(610): message : see reference to class template instantiation 'std::chrono::time_point<std::chrono::steady_clock,std::chrono::nanoseconds>' being compiled
C:\Program Files (x86)\Microsoft Visual Studio\2019\Community\VC\Tools\MSVC\14.24.28314\include\xmemory(202,109): warning C4267: 'argument': conversion from 'size_t' to 'unsigned int', possible loss of data
C:\Program Files (x86)\Microsoft Visual Studio\2019\Community\VC\Tools\MSVC\14.24.28314\include\memory(1490): message : see reference to function template instantiation 'void std::_Construct_in_place<_Ty,unsigned int(&)[36],unsigned __int64>(_Ty &,unsigned int (&)[36],unsigned __int64 &&) noexcept(false)' being compiled
          with
          [
              _Ty=Framework::OpenGLIndexBuffer
          ]
C:\Program Files (x86)\Microsoft Visual Studio\2019\Community\VC\Tools\MSVC\14.24.28314\include\memory(1590): message : see reference to function template instantiation 'std::_Ref_count_obj2<_Ty>::_Ref_count_obj2<unsigned int(&)[36],unsigned __int64>(unsigned int (&)[36],unsigned __int64 &&)' being compiled
          with
          [
              _Ty=Framework::OpenGLIndexBuffer
          ]
C:\Program Files (x86)\Microsoft Visual Studio\2019\Community\VC\Tools\MSVC\14.24.28314\include\memory(1591): message : see reference to function template instantiation 'std::_Ref_count_obj2<_Ty>::_Ref_count_obj2<unsigned int(&)[36],unsigned __int64>(unsigned int (&)[36],unsigned __int64 &&)' being compiled
          with
          [
              _Ty=Framework::OpenGLIndexBuffer
          ]
F:\Users\Documents\SourceControl\Github\C++ Porjects\Engine-Framework\src\Shape\Cube.cpp(145): message : see reference to function template instantiation 'std::shared_ptr<Framework::OpenGLIndexBuffer> std::make_shared<Framework::OpenGLIndexBuffer,unsigned int(&)[36],unsigned __int64>(unsigned int (&)[36],unsigned __int64 &&)' being compiled
  Generating Code...
