e:\users\documents\sourcecontrol\github\c++ porjects\opengl framework\opengl framework\x64\debug\opengl framework.pdb
e:\users\documents\sourcecontrol\github\c++ porjects\opengl framework\opengl framework\x64\debug\opengl framework.idb
e:\users\documents\sourcecontrol\github\c++ porjects\opengl framework\opengl framework\x64\debug\time.obj
e:\users\documents\sourcecontrol\github\c++ porjects\opengl framework\opengl framework\x64\debug\texture.obj
e:\users\documents\sourcecontrol\github\c++ porjects\opengl framework\opengl framework\x64\debug\shape.obj
e:\users\documents\sourcecontrol\github\c++ porjects\opengl framework\opengl framework\x64\debug\cube.obj
e:\users\documents\sourcecontrol\github\c++ porjects\opengl framework\opengl framework\x64\debug\shader.obj
e:\users\documents\sourcecontrol\github\c++ porjects\opengl framework\opengl framework\x64\debug\rendererapi.obj
e:\users\documents\sourcecontrol\github\c++ porjects\opengl framework\opengl framework\x64\debug\renderer.obj
e:\users\documents\sourcecontrol\github\c++ porjects\opengl framework\opengl framework\x64\debug\rendercommand.obj
e:\users\documents\sourcecontrol\github\c++ porjects\opengl framework\opengl framework\x64\debug\openglvertexarray.obj
e:\users\documents\sourcecontrol\github\c++ porjects\opengl framework\opengl framework\x64\debug\opengltexture.obj
e:\users\documents\sourcecontrol\github\c++ porjects\opengl framework\opengl framework\x64\debug\openglshader.obj
e:\users\documents\sourcecontrol\github\c++ porjects\opengl framework\opengl framework\x64\debug\openglrendererapi.obj
e:\users\documents\sourcecontrol\github\c++ porjects\opengl framework\opengl framework\x64\debug\openglcontext.obj
e:\users\documents\sourcecontrol\github\c++ porjects\opengl framework\opengl framework\x64\debug\openglbuffer.obj
e:\users\documents\sourcecontrol\github\c++ porjects\opengl framework\opengl framework\x64\debug\directxcontext.obj
e:\users\documents\sourcecontrol\github\c++ porjects\opengl framework\opengl framework\x64\debug\log.obj
e:\users\documents\sourcecontrol\github\c++ porjects\opengl framework\opengl framework\x64\debug\graphicscontext.obj
e:\users\documents\sourcecontrol\github\c++ porjects\opengl framework\opengl framework\x64\debug\camera.obj
e:\users\documents\sourcecontrol\github\c++ porjects\opengl framework\opengl framework\x64\debug\buffer.obj
e:\users\documents\sourcecontrol\github\c++ porjects\opengl framework\opengl framework\x64\debug\application.obj
e:\users\documents\sourcecontrol\github\c++ porjects\opengl framework\opengl framework\x64\debug\vertexarray.obj
e:\users\documents\sourcecontrol\github\c++ porjects\minecraft\lib\opengl framework.lib
e:\users\documents\sourcecontrol\github\c++ porjects\opengl framework\opengl framework\..\..\minecraft\lib\opengl framework.lib
e:\users\documents\sourcecontrol\github\c++ porjects\opengl framework\opengl framework\x64\debug\opengl framework.tlog\cl.command.1.tlog
e:\users\documents\sourcecontrol\github\c++ porjects\opengl framework\opengl framework\x64\debug\opengl framework.tlog\cl.read.1.tlog
e:\users\documents\sourcecontrol\github\c++ porjects\opengl framework\opengl framework\x64\debug\opengl framework.tlog\cl.write.1.tlog
e:\users\documents\sourcecontrol\github\c++ porjects\opengl framework\opengl framework\x64\debug\opengl framework.tlog\lib-link.read.1.tlog
e:\users\documents\sourcecontrol\github\c++ porjects\opengl framework\opengl framework\x64\debug\opengl framework.tlog\lib-link.write.1.tlog
e:\users\documents\sourcecontrol\github\c++ porjects\opengl framework\opengl framework\x64\debug\opengl framework.tlog\lib.command.1.tlog
