  Application.cpp
C:\Program Files (x86)\Windows Kits\10\Include\10.0.18362.0\shared\minwindef.h(130,1): warning C4005: 'APIENTRY': macro redefinition
  GraphicsContext.cpp
  DirectXContext.cpp
F:\Users\Documents\SourceControl\Github\C++ Porjects\Minecraft\deps\glad\include\glad\glad.h(32): message : see previous definition of 'APIENTRY'
F:\Users\Documents\SourceControl\Github\C++ Porjects\OpenGL Framework\src\Platform\DirectX\DirectXContext.cpp(274,62): warning C4244: 'argument': conversion from 'float' to 'const _Ty', possible loss of data
F:\Users\Documents\SourceControl\Github\C++ Porjects\OpenGL Framework\src\Platform\DirectX\DirectXContext.cpp(274,62): warning C4244:         with
F:\Users\Documents\SourceControl\Github\C++ Porjects\OpenGL Framework\src\Platform\DirectX\DirectXContext.cpp(274,62): warning C4244:         [
F:\Users\Documents\SourceControl\Github\C++ Porjects\OpenGL Framework\src\Platform\DirectX\DirectXContext.cpp(274,62): warning C4244:             _Ty=int
F:\Users\Documents\SourceControl\Github\C++ Porjects\OpenGL Framework\src\Platform\DirectX\DirectXContext.cpp(274,62): warning C4244:         ]
  OpenGLContext.cpp
  Window.cpp
  Generating Code...
F:\Users\Documents\SourceControl\Github\C++ Porjects\OpenGL Framework\src\Platform\DirectX\DirectXContext.cpp(275,64): warning C4244: 'argument': conversion from 'float' to 'const _Ty', possible loss of data
F:\Users\Documents\SourceControl\Github\C++ Porjects\OpenGL Framework\src\Platform\DirectX\DirectXContext.cpp(275,64): warning C4244:         with
F:\Users\Documents\SourceControl\Github\C++ Porjects\OpenGL Framework\src\Platform\DirectX\DirectXContext.cpp(275,64): warning C4244:         [
F:\Users\Documents\SourceControl\Github\C++ Porjects\OpenGL Framework\src\Platform\DirectX\DirectXContext.cpp(275,64): warning C4244:             _Ty=int
F:\Users\Documents\SourceControl\Github\C++ Porjects\OpenGL Framework\src\Platform\DirectX\DirectXContext.cpp(275,64): warning C4244:         ]
opengl32.lib(OPENGL32.dll) : warning LNK4006: __NULL_IMPORT_DESCRIPTOR already defined in d3d12.lib(d3d12.dll); second definition ignored
  OpenGL Framework.vcxproj -> F:\Users\Documents\SourceControl\Github\C++ Porjects\OpenGL Framework\OpenGL Framework\..\..\Minecraft\lib\OpenGL Framework.lib
